[INFO] harvest_all başladı: Wed Jun 10 08:50:18 +03 2026
[INFO] log: data/pseudo/harvest_all.log

########## flight_01 (exclude TEST 3084:3504) / collect ##########
flight_01_084727: 61 trajectory, 69413 kare-kutu → data/pseudo/flight_01_raw.csv
  uzunluk: min=32 ort=1137 max=3073
[OK] flight_01 (exclude TEST 3084:3504) / collect (352s)

########## flight_01 filter ##########
 seq   len    sky   edge  karar
   0  1294   0.90   0.85  0.185  HAVA ✓ (kuyruk -1779)
   1   154   0.44   0.49  0.331  yer ✗
   2  1133      -      -      -  hiç geçen örnek yok ✗
   3   136   0.98   0.95  0.429  HAVA ✓ (kuyruk -2442)
   4    15   0.91   0.83  0.644  bulut/kısa ✗
   5   161   0.99   0.98  0.434  HAVA ✓ (kuyruk -2892)
   6    24   0.95   0.97  0.732  bulut/kısa ✗
   7    27   0.99   0.99  0.456  HAVA ✓ (kuyruk -13)
   8  1607   0.99   1.00  0.087  bulut/kısa ✗
   9   309   0.98   1.00  0.278  HAVA ✓ (kuyruk -1647)
  11    32      -      -      -  hiç geçen örnek yok ✗
  12     1   1.00   1.00  0.500  bulut/kısa ✗
  13  1445   0.98   0.98  0.035  bulut/kısa ✗
  14  3003      -      -      -  hiç geçen örnek yok ✗
  15     1   0.97   1.00  0.218  bulut/kısa ✗
  16     1   0.93   1.00  0.106  bulut/kısa ✗
  17   697      -      -      -  hiç geçen örnek yok ✗
  18   190   0.87   0.84  0.282  HAVA ✓ (kuyruk -210)
  19   730      -      -      -  hiç geçen örnek yok ✗
  20   295   0.91   0.86  0.128  HAVA ✓ (kuyruk -826)
  21  1370      -      -      -  hiç geçen örnek yok ✗
  22    48   0.92   0.73  0.196  HAVA ✓ (kuyruk -864)
  23   476   1.00   1.00  0.196  HAVA ✓ (kuyruk -528)
  24   403   1.00   1.00  0.265  HAVA ✓
  25   173   1.00   1.00  0.300  HAVA ✓
  26   103   1.00   1.00  0.283  HAVA ✓
  28   417      -      -      -  hiç geçen örnek yok ✗
  29   349      -      -      -  hiç geçen örnek yok ✗
  30   624   0.95   0.91  0.170  HAVA ✓ (kuyruk -454)
  31   315      -      -      -  hiç geçen örnek yok ✗
  32   809      -      -      -  hiç geçen örnek yok ✗
  33   499      -      -      -  hiç geçen örnek yok ✗
  34   337      -      -      -  hiç geçen örnek yok ✗
  35   913   1.00   1.00  0.066  bulut/kısa ✗
  36   933      -      -      -  hiç geçen örnek yok ✗
  37     1   1.00   1.00  0.152  bulut/kısa ✗
  38   571   1.00   1.00  0.232  HAVA ✓ (kuyruk -513)
  39   642   0.95   0.90  0.181  HAVA ✓ (kuyruk -375)
  40   961   0.79   0.68  0.098  yer ✗
  41  2005      -      -      -  hiç geçen örnek yok ✗
  42     1   0.88   0.96  0.135  bulut/kısa ✗
  43     1   0.86   0.87  0.190  bulut/kısa ✗
  44   403   0.72   0.43  0.151  yer ✗
  45  1734      -      -      -  hiç geçen örnek yok ✗
  46    48      -      -      -  hiç geçen örnek yok ✗
  47     1   0.92   0.78  0.123  bulut/kısa ✗
  48   288   0.85   0.95  0.146  yer ✗
  49  1326   0.74   0.52  0.139  yer ✗
  50  1199   0.71   0.55  0.131  yer ✗
  51   232   0.94   1.00  0.193  HAVA ✓ (kuyruk -867)
  52  1033   0.80   0.61  0.151  yer ✗
  53   368   0.93   0.91  0.061  bulut/kısa ✗
  54   358   0.69   0.52  0.138  yer ✗
  55   461   0.88   0.81  0.097  bulut/kısa ✗
  56   504      -      -      -  hiç geçen örnek yok ✗
  57   198      -      -      -  hiç geçen örnek yok ✗
  58   344      -      -      -  hiç geçen örnek yok ✗
  59   304      -      -      -  hiç geçen örnek yok ✗
  60     1   0.91   0.91  0.194  bulut/kısa ✗
  61    14   0.84   0.92  0.122  yer ✗
  62    31   1.00   1.00  0.167  HAVA ✓ (kuyruk -43)

Kabul: 17 hava trajectory (5715 kare-kutu) | Red: 44
→ data/pseudo/flight_01_clean.csv
[OK] flight_01 filter (206s)

########## flight_02 / collect ##########
flight_02_084915: 36 trajectory, 41217 kare-kutu → data/pseudo/flight_02_raw.csv
  uzunluk: min=47 ort=1144 max=3087
[OK] flight_02 / collect (215s)

########## flight_02 filter ##########
 seq   len    sky   edge  karar
   0   140   0.93   0.98  0.160  HAVA ✓ (kuyruk -1182)
   1    75      -      -      -  hiç geçen örnek yok ✗
   2   323   0.78   0.75  0.207  yer ✗
   3     1   1.00   1.00  0.377  bulut/kısa ✗
   4   319   0.77   0.75  0.246  yer ✗
   5   225   0.51   0.50  0.185  yer ✗
   6   865   0.89   0.88  0.169  HAVA ✓ (kuyruk -1189)
   8   759   0.84   0.83  0.115  yer ✗
   9   413   0.81   0.80  0.226  yer ✗
  10   939   0.92   0.90  0.395  HAVA ✓
  11    19   1.00   1.00  0.432  bulut/kısa ✗
  12   665   0.89   0.78  0.144  HAVA ✓ (kuyruk -1440)
  13   549      -      -      -  hiç geçen örnek yok ✗
  14  3087      -      -      -  hiç geçen örnek yok ✗
  15   191      -      -      -  hiç geçen örnek yok ✗
  16    64   0.85   1.00  0.368  HAVA ✓ (kuyruk -110)
  17   414   0.98   0.94  0.244  HAVA ✓ (kuyruk -49)
  18    58      -      -      -  hiç geçen örnek yok ✗
  19   354   0.99   0.99  0.248  HAVA ✓ (kuyruk -318)
  20    16   0.95   0.95  0.285  bulut/kısa ✗
  21   675   1.00   1.00  0.267  HAVA ✓ (kuyruk -1462)
  22  1187      -      -      -  hiç geçen örnek yok ✗
  23   665   0.94   0.81  0.229  HAVA ✓ (kuyruk -739)
  24    20   0.98   0.99  0.259  bulut/kısa ✗
  25     1   0.92   1.00  0.351  bulut/kısa ✗
  26   925   0.79   0.62  0.101  yer ✗
  27   901   0.96   0.99  0.212  HAVA ✓ (kuyruk -526)
  28   454      -      -      -  hiç geçen örnek yok ✗
  29   467   0.99   0.99  0.148  HAVA ✓ (kuyruk -340)
  30   480      -      -      -  hiç geçen örnek yok ✗
  31   364      -      -      -  hiç geçen örnek yok ✗
  32   546      -      -      -  hiç geçen örnek yok ✗
  33   577   0.56   0.16  0.087  yer ✗
  34    18   0.94   0.74  0.222  bulut/kısa ✗
  35   307      -      -      -  hiç geçen örnek yok ✗
  36   141   0.96   0.99  0.136  HAVA ✓ (kuyruk -156)

Kabul: 12 hava trajectory (6290 kare-kutu) | Red: 24
→ data/pseudo/flight_02_clean.csv
[OK] flight_02 filter (132s)

########## flight_03 / collect ##########
flight_03_085014: 30 trajectory, 35215 kare-kutu → data/pseudo/flight_03_raw.csv
  uzunluk: min=41 ort=1173 max=2955
[OK] flight_03 / collect (180s)

########## flight_03 filter ##########
 seq   len    sky   edge  karar
   0    10   0.86   0.95  0.721  bulut/kısa ✗
   1  1019   0.38   0.26  0.188  yer ✗
   2  2955      -      -      -  hiç geçen örnek yok ✗
   3     1   0.97   0.92  0.446  bulut/kısa ✗
   4    82   0.96   1.00  0.467  HAVA ✓ (kuyruk -432)
   5   135      -      -      -  hiç geçen örnek yok ✗
   6   333   0.62   0.62  0.181  yer ✗
   7     1   0.86   1.00  0.853  bulut/kısa ✗
   8     1   0.86   1.00  0.261  bulut/kısa ✗
   9   962   0.79   0.77  0.144  yer ✗
  10    19   0.91   1.00  0.276  bulut/kısa ✗
  11    28   1.00   0.98  0.640  HAVA ✓ (kuyruk -149)
  12     1   0.94   0.79  0.155  bulut/kısa ✗
  13   132   0.69   0.51  0.185  yer ✗
  14   384      -      -      -  hiç geçen örnek yok ✗
  15   135   0.87   0.93  0.169  HAVA ✓ (kuyruk -293)
  16  2215   0.59   0.27  0.131  yer ✗
  17   720   0.68   0.68  0.211  yer ✗
  18   979   0.91   0.89  0.148  HAVA ✓ (kuyruk -55)
  19  1755      -      -      -  hiç geçen örnek yok ✗
  20  1503      -      -      -  hiç geçen örnek yok ✗
  21   770   0.94   0.88  0.199  HAVA ✓ (kuyruk -91)
  22   534   0.77   0.63  0.143  yer ✗
  23   593   0.39   0.54  0.130  yer ✗
  24   523   0.98   0.96  0.276  HAVA ✓ (kuyruk -62)
  25   503   0.98   0.98  0.289  HAVA ✓
  26    41   1.00   1.00  0.531  HAVA ✓
  27   400   0.88   0.76  0.186  HAVA ✓ (kuyruk -23)
  28   173   1.00   1.00  0.192  HAVA ✓ (kuyruk -10)
  29   165      -      -      -  hiç geçen örnek yok ✗

Kabul: 10 hava trajectory (3634 kare-kutu) | Red: 20
→ data/pseudo/flight_03_clean.csv
[OK] flight_03 filter (107s)

########## TAMAMLANDI ##########
    5716 data/pseudo/flight_01_clean.csv
    6291 data/pseudo/flight_02_clean.csv
    3635 data/pseudo/flight_03_clean.csv
   15642 total
